{"D:\\web\\NodeHomework02-06\\nodejs-homework-API\\app.js": {"path":"D:\\web\\NodeHomework02-06\\nodejs-homework-API\\app.js","statementMap":{"0":{"start":{"line":1,"column":16},"end":{"line":1,"column":34}},"1":{"start":{"line":2,"column":13},"end":{"line":2,"column":28}},"2":{"start":{"line":3,"column":15},"end":{"line":3,"column":32}},"3":{"start":{"line":4,"column":13},"end":{"line":4,"column":28}},"4":{"start":{"line":5,"column":15},"end":{"line":5,"column":32}},"5":{"start":{"line":6,"column":19},"end":{"line":6,"column":50}},"6":{"start":{"line":8,"column":23},"end":{"line":8,"column":55}},"7":{"start":{"line":9,"column":28},"end":{"line":9,"column":56}},"8":{"start":{"line":10,"column":12},"end":{"line":10,"column":21}},"9":{"start":{"line":12,"column":22},"end":{"line":12,"column":44}},"10":{"start":{"line":13,"column":0},"end":{"line":13,"column":61}},"11":{"start":{"line":14,"column":0},"end":{"line":14,"column":49}},"12":{"start":{"line":15,"column":22},"end":{"line":15,"column":72}},"13":{"start":{"line":17,"column":0},"end":{"line":17,"column":18}},"14":{"start":{"line":18,"column":0},"end":{"line":18,"column":31}},"15":{"start":{"line":19,"column":0},"end":{"line":19,"column":16}},"16":{"start":{"line":20,"column":0},"end":{"line":20,"column":24}},"17":{"start":{"line":22,"column":0},"end":{"line":22,"column":53}},"18":{"start":{"line":23,"column":0},"end":{"line":23,"column":54}},"19":{"start":{"line":25,"column":0},"end":{"line":27,"column":3}},"20":{"start":{"line":26,"column":2},"end":{"line":26,"column":49}},"21":{"start":{"line":29,"column":0},"end":{"line":31,"column":3}},"22":{"start":{"line":30,"column":2},"end":{"line":30,"column":49}},"23":{"start":{"line":33,"column":0},"end":{"line":33,"column":21}}},"fnMap":{"0":{"name":"(anonymous_0)","decl":{"start":{"line":25,"column":8},"end":{"line":25,"column":9}},"loc":{"start":{"line":25,"column":22},"end":{"line":27,"column":1}},"line":25},"1":{"name":"(anonymous_1)","decl":{"start":{"line":29,"column":8},"end":{"line":29,"column":9}},"loc":{"start":{"line":29,"column":33},"end":{"line":31,"column":1}},"line":29}},"branchMap":{"0":{"loc":{"start":{"line":15,"column":22},"end":{"line":15,"column":72}},"type":"cond-expr","locations":[{"start":{"line":15,"column":57},"end":{"line":15,"column":62}},{"start":{"line":15,"column":65},"end":{"line":15,"column":72}}],"line":15}},"s":{"0":1,"1":1,"2":1,"3":1,"4":1,"5":1,"6":1,"7":1,"8":1,"9":1,"10":1,"11":1,"12":1,"13":1,"14":1,"15":1,"16":1,"17":1,"18":1,"19":1,"20":0,"21":1,"22":3,"23":1},"f":{"0":0,"1":3},"b":{"0":[0,1]},"_coverageSchema":"1a1c01bbd47fc00a2c39e90264f33305004495a9","hash":"49a497a21d50b6b9db80ee952d8c61a4af44b72b"}
,"D:\\web\\NodeHomework02-06\\nodejs-homework-API\\config\\passport.js": {"path":"D:\\web\\NodeHomework02-06\\nodejs-homework-API\\config\\passport.js","statementMap":{"0":{"start":{"line":1,"column":17},"end":{"line":1,"column":36}},"1":{"start":{"line":2,"column":18},"end":{"line":2,"column":42}},"2":{"start":{"line":3,"column":33},"end":{"line":3,"column":56}},"3":{"start":{"line":4,"column":0},"end":{"line":4,"column":27}},"4":{"start":{"line":5,"column":19},"end":{"line":5,"column":41}},"5":{"start":{"line":7,"column":15},"end":{"line":10,"column":1}},"6":{"start":{"line":12,"column":0},"end":{"line":27,"column":2}},"7":{"start":{"line":14,"column":4},"end":{"line":25,"column":5}},"8":{"start":{"line":15,"column":19},"end":{"line":15,"column":55}},"9":{"start":{"line":16,"column":6},"end":{"line":18,"column":7}},"10":{"start":{"line":17,"column":8},"end":{"line":17,"column":49}},"11":{"start":{"line":19,"column":6},"end":{"line":21,"column":7}},"12":{"start":{"line":20,"column":8},"end":{"line":20,"column":33}},"13":{"start":{"line":22,"column":6},"end":{"line":22,"column":30}},"14":{"start":{"line":24,"column":6},"end":{"line":24,"column":16}}},"fnMap":{"0":{"name":"(anonymous_0)","decl":{"start":{"line":13,"column":23},"end":{"line":13,"column":24}},"loc":{"start":{"line":13,"column":48},"end":{"line":26,"column":3}},"line":13}},"branchMap":{"0":{"loc":{"start":{"line":16,"column":6},"end":{"line":18,"column":7}},"type":"if","locations":[{"start":{"line":16,"column":6},"end":{"line":18,"column":7}},{"start":{"line":16,"column":6},"end":{"line":18,"column":7}}],"line":16},"1":{"loc":{"start":{"line":19,"column":6},"end":{"line":21,"column":7}},"type":"if","locations":[{"start":{"line":19,"column":6},"end":{"line":21,"column":7}},{"start":{"line":19,"column":6},"end":{"line":21,"column":7}}],"line":19}},"s":{"0":1,"1":1,"2":1,"3":1,"4":1,"5":1,"6":1,"7":11,"8":11,"9":11,"10":0,"11":11,"12":0,"13":11,"14":0},"f":{"0":11},"b":{"0":[0,11],"1":[0,11]},"_coverageSchema":"1a1c01bbd47fc00a2c39e90264f33305004495a9","hash":"d3b0a201c07d438ae9b20104be2b837b893d94dd"}
,"D:\\web\\NodeHomework02-06\\nodejs-homework-API\\controllers\\contacts.js": {"path":"D:\\web\\NodeHomework02-06\\nodejs-homework-API\\controllers\\contacts.js","statementMap":{"0":{"start":{"line":1,"column":16},"end":{"line":1,"column":43}},"1":{"start":{"line":3,"column":21},"end":{"line":17,"column":1}},"2":{"start":{"line":4,"column":2},"end":{"line":16,"column":3}},"3":{"start":{"line":5,"column":19},"end":{"line":5,"column":30}},"4":{"start":{"line":6,"column":21},"end":{"line":6,"column":61}},"5":{"start":{"line":7,"column":4},"end":{"line":13,"column":7}},"6":{"start":{"line":15,"column":4},"end":{"line":15,"column":12}},"7":{"start":{"line":19,"column":23},"end":{"line":41,"column":1}},"8":{"start":{"line":20,"column":2},"end":{"line":40,"column":3}},"9":{"start":{"line":21,"column":19},"end":{"line":21,"column":30}},"10":{"start":{"line":22,"column":20},"end":{"line":22,"column":71}},"11":{"start":{"line":23,"column":4},"end":{"line":37,"column":5}},"12":{"start":{"line":24,"column":6},"end":{"line":30,"column":9}},"13":{"start":{"line":32,"column":6},"end":{"line":36,"column":9}},"14":{"start":{"line":39,"column":4},"end":{"line":39,"column":12}},"15":{"start":{"line":43,"column":19},"end":{"line":60,"column":1}},"16":{"start":{"line":44,"column":2},"end":{"line":59,"column":3}},"17":{"start":{"line":45,"column":20},"end":{"line":45,"column":28}},"18":{"start":{"line":46,"column":19},"end":{"line":46,"column":30}},"19":{"start":{"line":47,"column":4},"end":{"line":56,"column":5}},"20":{"start":{"line":48,"column":6},"end":{"line":48,"column":55}},"21":{"start":{"line":49,"column":6},"end":{"line":55,"column":9}},"22":{"start":{"line":58,"column":4},"end":{"line":58,"column":12}},"23":{"start":{"line":62,"column":22},"end":{"line":84,"column":1}},"24":{"start":{"line":63,"column":2},"end":{"line":83,"column":3}},"25":{"start":{"line":64,"column":19},"end":{"line":64,"column":30}},"26":{"start":{"line":65,"column":20},"end":{"line":65,"column":70}},"27":{"start":{"line":66,"column":4},"end":{"line":80,"column":5}},"28":{"start":{"line":67,"column":6},"end":{"line":73,"column":9}},"29":{"start":{"line":75,"column":6},"end":{"line":79,"column":9}},"30":{"start":{"line":82,"column":4},"end":{"line":82,"column":12}},"31":{"start":{"line":86,"column":22},"end":{"line":112,"column":1}},"32":{"start":{"line":87,"column":2},"end":{"line":111,"column":3}},"33":{"start":{"line":88,"column":19},"end":{"line":88,"column":30}},"34":{"start":{"line":89,"column":20},"end":{"line":93,"column":5}},"35":{"start":{"line":94,"column":4},"end":{"line":108,"column":5}},"36":{"start":{"line":95,"column":6},"end":{"line":101,"column":9}},"37":{"start":{"line":103,"column":6},"end":{"line":107,"column":9}},"38":{"start":{"line":110,"column":4},"end":{"line":110,"column":12}},"39":{"start":{"line":114,"column":0},"end":{"line":120,"column":2}}},"fnMap":{"0":{"name":"(anonymous_0)","decl":{"start":{"line":3,"column":21},"end":{"line":3,"column":22}},"loc":{"start":{"line":3,"column":47},"end":{"line":17,"column":1}},"line":3},"1":{"name":"(anonymous_1)","decl":{"start":{"line":19,"column":23},"end":{"line":19,"column":24}},"loc":{"start":{"line":19,"column":49},"end":{"line":41,"column":1}},"line":19},"2":{"name":"(anonymous_2)","decl":{"start":{"line":43,"column":19},"end":{"line":43,"column":20}},"loc":{"start":{"line":43,"column":45},"end":{"line":60,"column":1}},"line":43},"3":{"name":"(anonymous_3)","decl":{"start":{"line":62,"column":22},"end":{"line":62,"column":23}},"loc":{"start":{"line":62,"column":48},"end":{"line":84,"column":1}},"line":62},"4":{"name":"(anonymous_4)","decl":{"start":{"line":86,"column":22},"end":{"line":86,"column":23}},"loc":{"start":{"line":86,"column":48},"end":{"line":112,"column":1}},"line":86}},"branchMap":{"0":{"loc":{"start":{"line":23,"column":4},"end":{"line":37,"column":5}},"type":"if","locations":[{"start":{"line":23,"column":4},"end":{"line":37,"column":5}},{"start":{"line":23,"column":4},"end":{"line":37,"column":5}}],"line":23},"1":{"loc":{"start":{"line":47,"column":4},"end":{"line":56,"column":5}},"type":"if","locations":[{"start":{"line":47,"column":4},"end":{"line":56,"column":5}},{"start":{"line":47,"column":4},"end":{"line":56,"column":5}}],"line":47},"2":{"loc":{"start":{"line":66,"column":4},"end":{"line":80,"column":5}},"type":"if","locations":[{"start":{"line":66,"column":4},"end":{"line":80,"column":5}},{"start":{"line":66,"column":4},"end":{"line":80,"column":5}}],"line":66},"3":{"loc":{"start":{"line":94,"column":4},"end":{"line":108,"column":5}},"type":"if","locations":[{"start":{"line":94,"column":4},"end":{"line":108,"column":5}},{"start":{"line":94,"column":4},"end":{"line":108,"column":5}}],"line":94}},"s":{"0":1,"1":1,"2":1,"3":1,"4":1,"5":1,"6":0,"7":1,"8":2,"9":2,"10":2,"11":2,"12":1,"13":1,"14":0,"15":1,"16":1,"17":1,"18":1,"19":1,"20":1,"21":1,"22":0,"23":1,"24":2,"25":2,"26":2,"27":2,"28":1,"29":1,"30":0,"31":1,"32":2,"33":2,"34":2,"35":2,"36":1,"37":1,"38":0,"39":1},"f":{"0":1,"1":2,"2":1,"3":2,"4":2},"b":{"0":[1,1],"1":[1,0],"2":[1,1],"3":[1,1]},"_coverageSchema":"1a1c01bbd47fc00a2c39e90264f33305004495a9","hash":"77c28369d0b38781cf27bff7021be53a9eace1cf"}
,"D:\\web\\NodeHomework02-06\\nodejs-homework-API\\controllers\\user.js": {"path":"D:\\web\\NodeHomework02-06\\nodejs-homework-API\\controllers\\user.js","statementMap":{"0":{"start":{"line":1,"column":18},"end":{"line":1,"column":42}},"1":{"start":{"line":2,"column":11},"end":{"line":2,"column":33}},"2":{"start":{"line":3,"column":13},"end":{"line":3,"column":28}},"3":{"start":{"line":4,"column":13},"end":{"line":4,"column":28}},"4":{"start":{"line":5,"column":12},"end":{"line":5,"column":35}},"5":{"start":{"line":6,"column":28},"end":{"line":6,"column":66}},"6":{"start":{"line":7,"column":0},"end":{"line":7,"column":27}},"7":{"start":{"line":8,"column":19},"end":{"line":8,"column":41}},"8":{"start":{"line":10,"column":28},"end":{"line":42,"column":1}},"9":{"start":{"line":11,"column":2},"end":{"line":41,"column":3}},"10":{"start":{"line":12,"column":15},"end":{"line":12,"column":26}},"11":{"start":{"line":13,"column":23},"end":{"line":13,"column":45}},"12":{"start":{"line":14,"column":23},"end":{"line":14,"column":36}},"13":{"start":{"line":15,"column":26},"end":{"line":15,"column":47}},"14":{"start":{"line":17,"column":16},"end":{"line":17,"column":43}},"15":{"start":{"line":18,"column":4},"end":{"line":25,"column":30}},"16":{"start":{"line":27,"column":4},"end":{"line":27,"column":57}},"17":{"start":{"line":28,"column":4},"end":{"line":28,"column":74}},"18":{"start":{"line":29,"column":25},"end":{"line":29,"column":69}},"19":{"start":{"line":30,"column":19},"end":{"line":30,"column":65}},"20":{"start":{"line":31,"column":4},"end":{"line":31,"column":51}},"21":{"start":{"line":32,"column":4},"end":{"line":38,"column":7}},"22":{"start":{"line":40,"column":4},"end":{"line":40,"column":12}},"23":{"start":{"line":44,"column":22},"end":{"line":70,"column":1}},"24":{"start":{"line":45,"column":2},"end":{"line":69,"column":3}},"25":{"start":{"line":46,"column":22},"end":{"line":46,"column":30}},"26":{"start":{"line":47,"column":20},"end":{"line":47,"column":54}},"27":{"start":{"line":48,"column":4},"end":{"line":55,"column":5}},"28":{"start":{"line":49,"column":6},"end":{"line":54,"column":9}},"29":{"start":{"line":56,"column":20},"end":{"line":56,"column":56}},"30":{"start":{"line":57,"column":4},"end":{"line":66,"column":7}},"31":{"start":{"line":68,"column":4},"end":{"line":68,"column":12}},"32":{"start":{"line":72,"column":14},"end":{"line":99,"column":1}},"33":{"start":{"line":73,"column":2},"end":{"line":98,"column":3}},"34":{"start":{"line":74,"column":32},"end":{"line":74,"column":40}},"35":{"start":{"line":75,"column":17},"end":{"line":75,"column":51}},"36":{"start":{"line":76,"column":28},"end":{"line":76,"column":62}},"37":{"start":{"line":77,"column":4},"end":{"line":84,"column":5}},"38":{"start":{"line":78,"column":6},"end":{"line":83,"column":9}},"39":{"start":{"line":85,"column":15},"end":{"line":85,"column":23}},"40":{"start":{"line":86,"column":20},"end":{"line":86,"column":26}},"41":{"start":{"line":87,"column":18},"end":{"line":87,"column":68}},"42":{"start":{"line":88,"column":4},"end":{"line":88,"column":43}},"43":{"start":{"line":89,"column":4},"end":{"line":95,"column":7}},"44":{"start":{"line":97,"column":4},"end":{"line":97,"column":12}},"45":{"start":{"line":101,"column":15},"end":{"line":114,"column":1}},"46":{"start":{"line":102,"column":13},"end":{"line":102,"column":24}},"47":{"start":{"line":103,"column":15},"end":{"line":103,"column":43}},"48":{"start":{"line":104,"column":2},"end":{"line":111,"column":3}},"49":{"start":{"line":105,"column":4},"end":{"line":110,"column":7}},"50":{"start":{"line":112,"column":2},"end":{"line":112,"column":40}},"51":{"start":{"line":113,"column":2},"end":{"line":113,"column":34}},"52":{"start":{"line":115,"column":19},"end":{"line":133,"column":1}},"53":{"start":{"line":116,"column":15},"end":{"line":116,"column":23}},"54":{"start":{"line":117,"column":2},"end":{"line":124,"column":3}},"55":{"start":{"line":118,"column":4},"end":{"line":123,"column":7}},"56":{"start":{"line":126,"column":2},"end":{"line":132,"column":5}},"57":{"start":{"line":134,"column":27},"end":{"line":145,"column":1}},"58":{"start":{"line":135,"column":2},"end":{"line":144,"column":3}},"59":{"start":{"line":136,"column":15},"end":{"line":136,"column":26}},"60":{"start":{"line":137,"column":4},"end":{"line":137,"column":26}},"61":{"start":{"line":138,"column":19},"end":{"line":138,"column":63}},"62":{"start":{"line":139,"column":4},"end":{"line":141,"column":7}},"63":{"start":{"line":143,"column":4},"end":{"line":143,"column":12}},"64":{"start":{"line":147,"column":0},"end":{"line":154,"column":2}}},"fnMap":{"0":{"name":"(anonymous_0)","decl":{"start":{"line":10,"column":28},"end":{"line":10,"column":29}},"loc":{"start":{"line":10,"column":54},"end":{"line":42,"column":1}},"line":10},"1":{"name":"(anonymous_1)","decl":{"start":{"line":44,"column":22},"end":{"line":44,"column":23}},"loc":{"start":{"line":44,"column":48},"end":{"line":70,"column":1}},"line":44},"2":{"name":"(anonymous_2)","decl":{"start":{"line":72,"column":14},"end":{"line":72,"column":15}},"loc":{"start":{"line":72,"column":40},"end":{"line":99,"column":1}},"line":72},"3":{"name":"(anonymous_3)","decl":{"start":{"line":101,"column":15},"end":{"line":101,"column":16}},"loc":{"start":{"line":101,"column":41},"end":{"line":114,"column":1}},"line":101},"4":{"name":"(anonymous_4)","decl":{"start":{"line":115,"column":19},"end":{"line":115,"column":20}},"loc":{"start":{"line":115,"column":45},"end":{"line":133,"column":1}},"line":115},"5":{"name":"(anonymous_5)","decl":{"start":{"line":134,"column":27},"end":{"line":134,"column":28}},"loc":{"start":{"line":134,"column":53},"end":{"line":145,"column":1}},"line":134}},"branchMap":{"0":{"loc":{"start":{"line":48,"column":4},"end":{"line":55,"column":5}},"type":"if","locations":[{"start":{"line":48,"column":4},"end":{"line":55,"column":5}},{"start":{"line":48,"column":4},"end":{"line":55,"column":5}}],"line":48},"1":{"loc":{"start":{"line":77,"column":4},"end":{"line":84,"column":5}},"type":"if","locations":[{"start":{"line":77,"column":4},"end":{"line":84,"column":5}},{"start":{"line":77,"column":4},"end":{"line":84,"column":5}}],"line":77},"2":{"loc":{"start":{"line":77,"column":8},"end":{"line":77,"column":33}},"type":"binary-expr","locations":[{"start":{"line":77,"column":8},"end":{"line":77,"column":13}},{"start":{"line":77,"column":17},"end":{"line":77,"column":33}}],"line":77},"3":{"loc":{"start":{"line":104,"column":2},"end":{"line":111,"column":3}},"type":"if","locations":[{"start":{"line":104,"column":2},"end":{"line":111,"column":3}},{"start":{"line":104,"column":2},"end":{"line":111,"column":3}}],"line":104},"4":{"loc":{"start":{"line":117,"column":2},"end":{"line":124,"column":3}},"type":"if","locations":[{"start":{"line":117,"column":2},"end":{"line":124,"column":3}},{"start":{"line":117,"column":2},"end":{"line":124,"column":3}}],"line":117}},"s":{"0":1,"1":1,"2":1,"3":1,"4":1,"5":1,"6":1,"7":1,"8":1,"9":0,"10":0,"11":0,"12":0,"13":0,"14":0,"15":0,"16":0,"17":0,"18":0,"19":0,"20":0,"21":0,"22":0,"23":1,"24":0,"25":0,"26":0,"27":0,"28":0,"29":0,"30":0,"31":0,"32":1,"33":0,"34":0,"35":0,"36":0,"37":0,"38":0,"39":0,"40":0,"41":0,"42":0,"43":0,"44":0,"45":1,"46":0,"47":0,"48":0,"49":0,"50":0,"51":0,"52":1,"53":0,"54":0,"55":0,"56":0,"57":1,"58":0,"59":0,"60":0,"61":0,"62":0,"63":0,"64":1},"f":{"0":0,"1":0,"2":0,"3":0,"4":0,"5":0},"b":{"0":[0,0],"1":[0,0],"2":[0,0],"3":[0,0],"4":[0,0]},"_coverageSchema":"1a1c01bbd47fc00a2c39e90264f33305004495a9","hash":"faf2ede7dbcb61fcb91c5cf63f555125af3596c2"}
,"D:\\web\\NodeHomework02-06\\nodejs-homework-API\\helpers\\apiLimiter.js": {"path":"D:\\web\\NodeHomework02-06\\nodejs-homework-API\\helpers\\apiLimiter.js","statementMap":{"0":{"start":{"line":1,"column":18},"end":{"line":1,"column":47}},"1":{"start":{"line":3,"column":19},"end":{"line":14,"column":2}},"2":{"start":{"line":7,"column":4},"end":{"line":12,"column":7}},"3":{"start":{"line":16,"column":0},"end":{"line":16,"column":28}}},"fnMap":{"0":{"name":"(anonymous_0)","decl":{"start":{"line":6,"column":11},"end":{"line":6,"column":12}},"loc":{"start":{"line":6,"column":31},"end":{"line":13,"column":3}},"line":6}},"branchMap":{},"s":{"0":1,"1":1,"2":0,"3":1},"f":{"0":0},"b":{},"_coverageSchema":"1a1c01bbd47fc00a2c39e90264f33305004495a9","hash":"cee923e7ccfb847f6912c6d166c84f10ff64f766"}
,"D:\\web\\NodeHomework02-06\\nodejs-homework-API\\helpers\\create-directory.js": {"path":"D:\\web\\NodeHomework02-06\\nodejs-homework-API\\helpers\\create-directory.js","statementMap":{"0":{"start":{"line":1,"column":11},"end":{"line":1,"column":33}},"1":{"start":{"line":3,"column":21},"end":{"line":8,"column":1}},"2":{"start":{"line":4,"column":2},"end":{"line":7,"column":24}},"3":{"start":{"line":6,"column":16},"end":{"line":6,"column":20}},"4":{"start":{"line":7,"column":17},"end":{"line":7,"column":22}},"5":{"start":{"line":10,"column":28},"end":{"line":14,"column":1}},"6":{"start":{"line":11,"column":2},"end":{"line":13,"column":3}},"7":{"start":{"line":12,"column":4},"end":{"line":12,"column":27}},"8":{"start":{"line":15,"column":0},"end":{"line":15,"column":37}}},"fnMap":{"0":{"name":"(anonymous_0)","decl":{"start":{"line":3,"column":21},"end":{"line":3,"column":22}},"loc":{"start":{"line":3,"column":37},"end":{"line":8,"column":1}},"line":3},"1":{"name":"(anonymous_1)","decl":{"start":{"line":6,"column":10},"end":{"line":6,"column":11}},"loc":{"start":{"line":6,"column":16},"end":{"line":6,"column":20}},"line":6},"2":{"name":"(anonymous_2)","decl":{"start":{"line":7,"column":11},"end":{"line":7,"column":12}},"loc":{"start":{"line":7,"column":17},"end":{"line":7,"column":22}},"line":7},"3":{"name":"(anonymous_3)","decl":{"start":{"line":10,"column":28},"end":{"line":10,"column":29}},"loc":{"start":{"line":10,"column":46},"end":{"line":14,"column":1}},"line":10}},"branchMap":{"0":{"loc":{"start":{"line":11,"column":2},"end":{"line":13,"column":3}},"type":"if","locations":[{"start":{"line":11,"column":2},"end":{"line":13,"column":3}},{"start":{"line":11,"column":2},"end":{"line":13,"column":3}}],"line":11}},"s":{"0":1,"1":1,"2":0,"3":0,"4":0,"5":1,"6":0,"7":0,"8":1},"f":{"0":0,"1":0,"2":0,"3":0},"b":{"0":[0,0]},"_coverageSchema":"1a1c01bbd47fc00a2c39e90264f33305004495a9","hash":"70ad91ac92cf5ae22f2fe00d0a0fd950f55eb822"}
,"D:\\web\\NodeHomework02-06\\nodejs-homework-API\\helpers\\guard.js": {"path":"D:\\web\\NodeHomework02-06\\nodejs-homework-API\\helpers\\guard.js","statementMap":{"0":{"start":{"line":1,"column":17},"end":{"line":1,"column":36}},"1":{"start":{"line":2,"column":0},"end":{"line":2,"column":30}},"2":{"start":{"line":3,"column":14},"end":{"line":3,"column":30}},"3":{"start":{"line":5,"column":14},"end":{"line":19,"column":1}},"4":{"start":{"line":6,"column":2},"end":{"line":18,"column":21}},"5":{"start":{"line":7,"column":18},"end":{"line":7,"column":57}},"6":{"start":{"line":8,"column":4},"end":{"line":15,"column":5}},"7":{"start":{"line":9,"column":6},"end":{"line":14,"column":9}},"8":{"start":{"line":16,"column":4},"end":{"line":16,"column":20}},"9":{"start":{"line":17,"column":4},"end":{"line":17,"column":18}},"10":{"start":{"line":21,"column":0},"end":{"line":21,"column":23}}},"fnMap":{"0":{"name":"(anonymous_0)","decl":{"start":{"line":5,"column":14},"end":{"line":5,"column":15}},"loc":{"start":{"line":5,"column":34},"end":{"line":19,"column":1}},"line":5},"1":{"name":"(anonymous_1)","decl":{"start":{"line":6,"column":51},"end":{"line":6,"column":52}},"loc":{"start":{"line":6,"column":66},"end":{"line":18,"column":3}},"line":6}},"branchMap":{"0":{"loc":{"start":{"line":8,"column":4},"end":{"line":15,"column":5}},"type":"if","locations":[{"start":{"line":8,"column":4},"end":{"line":15,"column":5}},{"start":{"line":8,"column":4},"end":{"line":15,"column":5}}],"line":8},"1":{"loc":{"start":{"line":8,"column":8},"end":{"line":8,"column":44}},"type":"binary-expr","locations":[{"start":{"line":8,"column":8},"end":{"line":8,"column":13}},{"start":{"line":8,"column":17},"end":{"line":8,"column":20}},{"start":{"line":8,"column":24},"end":{"line":8,"column":44}}],"line":8}},"s":{"0":1,"1":1,"2":1,"3":1,"4":16,"5":16,"6":16,"7":5,"8":11,"9":11,"10":1},"f":{"0":16,"1":16},"b":{"0":[5,11],"1":[16,11,11]},"_coverageSchema":"1a1c01bbd47fc00a2c39e90264f33305004495a9","hash":"dcb678f3fadcf147786534db324d82bafb23903a"}
,"D:\\web\\NodeHomework02-06\\nodejs-homework-API\\helpers\\upload.js": {"path":"D:\\web\\NodeHomework02-06\\nodejs-homework-API\\helpers\\upload.js","statementMap":{"0":{"start":{"line":1,"column":15},"end":{"line":1,"column":32}},"1":{"start":{"line":2,"column":13},"end":{"line":2,"column":28}},"2":{"start":{"line":3,"column":0},"end":{"line":3,"column":27}},"3":{"start":{"line":4,"column":19},"end":{"line":4,"column":67}},"4":{"start":{"line":6,"column":16},"end":{"line":13,"column":2}},"5":{"start":{"line":8,"column":4},"end":{"line":8,"column":25}},"6":{"start":{"line":11,"column":4},"end":{"line":11,"column":32}},"7":{"start":{"line":15,"column":15},"end":{"line":25,"column":2}},"8":{"start":{"line":19,"column":4},"end":{"line":22,"column":5}},"9":{"start":{"line":20,"column":6},"end":{"line":20,"column":21}},"10":{"start":{"line":21,"column":6},"end":{"line":21,"column":13}},"11":{"start":{"line":23,"column":4},"end":{"line":23,"column":20}},"12":{"start":{"line":27,"column":0},"end":{"line":27,"column":24}}},"fnMap":{"0":{"name":"(anonymous_0)","decl":{"start":{"line":7,"column":15},"end":{"line":7,"column":16}},"loc":{"start":{"line":7,"column":42},"end":{"line":9,"column":3}},"line":7},"1":{"name":"(anonymous_1)","decl":{"start":{"line":10,"column":12},"end":{"line":10,"column":13}},"loc":{"start":{"line":10,"column":38},"end":{"line":12,"column":3}},"line":10},"2":{"name":"(anonymous_2)","decl":{"start":{"line":18,"column":14},"end":{"line":18,"column":15}},"loc":{"start":{"line":18,"column":34},"end":{"line":24,"column":3}},"line":18}},"branchMap":{"0":{"loc":{"start":{"line":19,"column":4},"end":{"line":22,"column":5}},"type":"if","locations":[{"start":{"line":19,"column":4},"end":{"line":22,"column":5}},{"start":{"line":19,"column":4},"end":{"line":22,"column":5}}],"line":19}},"s":{"0":1,"1":1,"2":1,"3":1,"4":1,"5":0,"6":0,"7":1,"8":0,"9":0,"10":0,"11":0,"12":1},"f":{"0":0,"1":0,"2":0},"b":{"0":[0,0]},"_coverageSchema":"1a1c01bbd47fc00a2c39e90264f33305004495a9","hash":"06364a70d822e59486a2b4b2b70edf10c497a2f7"}
,"D:\\web\\NodeHomework02-06\\nodejs-homework-API\\routes\\api\\contacts.js": {"path":"D:\\web\\NodeHomework02-06\\nodejs-homework-API\\routes\\api\\contacts.js","statementMap":{"0":{"start":{"line":1,"column":16},"end":{"line":1,"column":34}},"1":{"start":{"line":2,"column":15},"end":{"line":2,"column":31}},"2":{"start":{"line":3,"column":14},"end":{"line":3,"column":44}},"3":{"start":{"line":4,"column":20},"end":{"line":4,"column":57}},"4":{"start":{"line":5,"column":19},"end":{"line":5,"column":60}},"5":{"start":{"line":6,"column":0},"end":{"line":8,"column":70}},"6":{"start":{"line":10,"column":0},"end":{"line":13,"column":75}},"7":{"start":{"line":15,"column":0},"end":{"line":15,"column":24}}},"fnMap":{},"branchMap":{},"s":{"0":1,"1":1,"2":1,"3":1,"4":1,"5":1,"6":1,"7":1},"f":{},"b":{},"_coverageSchema":"1a1c01bbd47fc00a2c39e90264f33305004495a9","hash":"5bec25047b4965b68eb74796ceb97c75b693533b"}
,"D:\\web\\NodeHomework02-06\\nodejs-homework-API\\routes\\api\\user.js": {"path":"D:\\web\\NodeHomework02-06\\nodejs-homework-API\\routes\\api\\user.js","statementMap":{"0":{"start":{"line":1,"column":16},"end":{"line":1,"column":34}},"1":{"start":{"line":2,"column":15},"end":{"line":2,"column":31}},"2":{"start":{"line":3,"column":20},"end":{"line":3,"column":53}},"3":{"start":{"line":4,"column":19},"end":{"line":4,"column":57}},"4":{"start":{"line":5,"column":14},"end":{"line":5,"column":44}},"5":{"start":{"line":6,"column":15},"end":{"line":6,"column":46}},"6":{"start":{"line":8,"column":0},"end":{"line":18,"column":56}},"7":{"start":{"line":19,"column":0},"end":{"line":19,"column":24}}},"fnMap":{},"branchMap":{},"s":{"0":1,"1":1,"2":1,"3":1,"4":1,"5":1,"6":1,"7":1},"f":{},"b":{},"_coverageSchema":"1a1c01bbd47fc00a2c39e90264f33305004495a9","hash":"29935275d83b5443fbf3ff9810d348d862dbd3be"}
,"D:\\web\\NodeHomework02-06\\nodejs-homework-API\\routes\\api\\validation\\validationContact.js": {"path":"D:\\web\\NodeHomework02-06\\nodejs-homework-API\\routes\\api\\validation\\validationContact.js","statementMap":{"0":{"start":{"line":1,"column":12},"end":{"line":1,"column":26}},"1":{"start":{"line":3,"column":28},"end":{"line":15,"column":9}},"2":{"start":{"line":17,"column":28},"end":{"line":29,"column":9}},"3":{"start":{"line":31,"column":17},"end":{"line":41,"column":1}},"4":{"start":{"line":32,"column":20},"end":{"line":32,"column":40}},"5":{"start":{"line":33,"column":2},"end":{"line":39,"column":3}},"6":{"start":{"line":34,"column":26},"end":{"line":34,"column":39}},"7":{"start":{"line":35,"column":4},"end":{"line":38,"column":7}},"8":{"start":{"line":40,"column":2},"end":{"line":40,"column":9}},"9":{"start":{"line":43,"column":0},"end":{"line":45,"column":2}},"10":{"start":{"line":44,"column":2},"end":{"line":44,"column":55}},"11":{"start":{"line":47,"column":0},"end":{"line":49,"column":2}},"12":{"start":{"line":48,"column":2},"end":{"line":48,"column":55}}},"fnMap":{"0":{"name":"(anonymous_0)","decl":{"start":{"line":31,"column":17},"end":{"line":31,"column":18}},"loc":{"start":{"line":31,"column":40},"end":{"line":41,"column":1}},"line":31},"1":{"name":"(anonymous_1)","decl":{"start":{"line":43,"column":31},"end":{"line":43,"column":32}},"loc":{"start":{"line":43,"column":52},"end":{"line":45,"column":1}},"line":43},"2":{"name":"(anonymous_2)","decl":{"start":{"line":47,"column":24},"end":{"line":47,"column":25}},"loc":{"start":{"line":47,"column":45},"end":{"line":49,"column":1}},"line":47}},"branchMap":{"0":{"loc":{"start":{"line":33,"column":2},"end":{"line":39,"column":3}},"type":"if","locations":[{"start":{"line":33,"column":2},"end":{"line":39,"column":3}},{"start":{"line":33,"column":2},"end":{"line":39,"column":3}}],"line":33}},"s":{"0":1,"1":1,"2":1,"3":1,"4":6,"5":6,"6":3,"7":3,"8":3,"9":1,"10":3,"11":1,"12":3},"f":{"0":6,"1":3,"2":3},"b":{"0":[3,3]},"_coverageSchema":"1a1c01bbd47fc00a2c39e90264f33305004495a9","hash":"cdc92e71cb2f0781c86c3b0aeddc4b001d44b4ee"}
,"D:\\web\\NodeHomework02-06\\nodejs-homework-API\\routes\\api\\validation\\validationUser.js": {"path":"D:\\web\\NodeHomework02-06\\nodejs-homework-API\\routes\\api\\validation\\validationUser.js","statementMap":{"0":{"start":{"line":1,"column":12},"end":{"line":1,"column":26}},"1":{"start":{"line":3,"column":28},"end":{"line":6,"column":9}},"2":{"start":{"line":8,"column":20},"end":{"line":11,"column":9}},"3":{"start":{"line":13,"column":17},"end":{"line":23,"column":1}},"4":{"start":{"line":14,"column":20},"end":{"line":14,"column":40}},"5":{"start":{"line":15,"column":2},"end":{"line":21,"column":3}},"6":{"start":{"line":16,"column":26},"end":{"line":16,"column":39}},"7":{"start":{"line":17,"column":4},"end":{"line":20,"column":7}},"8":{"start":{"line":22,"column":2},"end":{"line":22,"column":9}},"9":{"start":{"line":25,"column":0},"end":{"line":27,"column":2}},"10":{"start":{"line":26,"column":2},"end":{"line":26,"column":55}},"11":{"start":{"line":28,"column":0},"end":{"line":30,"column":2}},"12":{"start":{"line":29,"column":2},"end":{"line":29,"column":47}},"13":{"start":{"line":31,"column":0},"end":{"line":41,"column":2}},"14":{"start":{"line":32,"column":2},"end":{"line":39,"column":3}},"15":{"start":{"line":33,"column":4},"end":{"line":38,"column":7}},"16":{"start":{"line":40,"column":2},"end":{"line":40,"column":9}}},"fnMap":{"0":{"name":"(anonymous_0)","decl":{"start":{"line":13,"column":17},"end":{"line":13,"column":18}},"loc":{"start":{"line":13,"column":40},"end":{"line":23,"column":1}},"line":13},"1":{"name":"(anonymous_1)","decl":{"start":{"line":25,"column":30},"end":{"line":25,"column":31}},"loc":{"start":{"line":25,"column":51},"end":{"line":27,"column":1}},"line":25},"2":{"name":"(anonymous_2)","decl":{"start":{"line":28,"column":23},"end":{"line":28,"column":24}},"loc":{"start":{"line":28,"column":44},"end":{"line":30,"column":1}},"line":28},"3":{"name":"(anonymous_3)","decl":{"start":{"line":31,"column":38},"end":{"line":31,"column":39}},"loc":{"start":{"line":31,"column":58},"end":{"line":41,"column":1}},"line":31}},"branchMap":{"0":{"loc":{"start":{"line":15,"column":2},"end":{"line":21,"column":3}},"type":"if","locations":[{"start":{"line":15,"column":2},"end":{"line":21,"column":3}},{"start":{"line":15,"column":2},"end":{"line":21,"column":3}}],"line":15},"1":{"loc":{"start":{"line":32,"column":2},"end":{"line":39,"column":3}},"type":"if","locations":[{"start":{"line":32,"column":2},"end":{"line":39,"column":3}},{"start":{"line":32,"column":2},"end":{"line":39,"column":3}}],"line":32}},"s":{"0":1,"1":1,"2":1,"3":1,"4":0,"5":0,"6":0,"7":0,"8":0,"9":1,"10":0,"11":1,"12":0,"13":1,"14":0,"15":0,"16":0},"f":{"0":0,"1":0,"2":0,"3":0},"b":{"0":[0,0],"1":[0,0]},"_coverageSchema":"1a1c01bbd47fc00a2c39e90264f33305004495a9","hash":"9b6ba10cda58bbd6796d3840d651ec9a0d3d2d9a"}
}
