TN:
SF:app.js
FN:25,(anonymous_0)
FN:29,(anonymous_1)
FNF:2
FNH:1
FNDA:0,(anonymous_0)
FNDA:3,(anonymous_1)
DA:1,1
DA:2,1
DA:3,1
DA:4,1
DA:5,1
DA:6,1
DA:8,1
DA:9,1
DA:10,1
DA:12,1
DA:13,1
DA:14,1
DA:15,1
DA:17,1
DA:18,1
DA:19,1
DA:20,1
DA:22,1
DA:23,1
DA:25,1
DA:26,0
DA:29,1
DA:30,3
DA:33,1
LF:24
LH:23
BRDA:15,0,0,0
BRDA:15,0,1,1
BRF:2
BRH:1
end_of_record
TN:
SF:config\passport.js
FN:13,(anonymous_0)
FNF:1
FNH:1
FNDA:11,(anonymous_0)
DA:1,1
DA:2,1
DA:3,1
DA:4,1
DA:5,1
DA:7,1
DA:12,1
DA:14,11
DA:15,11
DA:16,11
DA:17,0
DA:19,11
DA:20,0
DA:22,11
DA:24,0
LF:15
LH:12
BRDA:16,0,0,0
BRDA:16,0,1,11
BRDA:19,1,0,0
BRDA:19,1,1,11
BRF:4
BRH:2
end_of_record
TN:
SF:controllers\contacts.js
FN:3,(anonymous_0)
FN:19,(anonymous_1)
FN:43,(anonymous_2)
FN:62,(anonymous_3)
FN:86,(anonymous_4)
FNF:5
FNH:5
FNDA:1,(anonymous_0)
FNDA:2,(anonymous_1)
FNDA:1,(anonymous_2)
FNDA:2,(anonymous_3)
FNDA:2,(anonymous_4)
DA:1,1
DA:3,1
DA:4,1
DA:5,1
DA:6,1
DA:7,1
DA:15,0
DA:19,1
DA:20,2
DA:21,2
DA:22,2
DA:23,2
DA:24,1
DA:32,1
DA:39,0
DA:43,1
DA:44,1
DA:45,1
DA:46,1
DA:47,1
DA:48,1
DA:49,1
DA:58,0
DA:62,1
DA:63,2
DA:64,2
DA:65,2
DA:66,2
DA:67,1
DA:75,1
DA:82,0
DA:86,1
DA:87,2
DA:88,2
DA:89,2
DA:94,2
DA:95,1
DA:103,1
DA:110,0
DA:114,1
LF:40
LH:35
BRDA:23,0,0,1
BRDA:23,0,1,1
BRDA:47,1,0,1
BRDA:47,1,1,0
BRDA:66,2,0,1
BRDA:66,2,1,1
BRDA:94,3,0,1
BRDA:94,3,1,1
BRF:8
BRH:7
end_of_record
TN:
SF:controllers\user.js
FN:10,(anonymous_0)
FN:44,(anonymous_1)
FN:72,(anonymous_2)
FN:101,(anonymous_3)
FN:115,(anonymous_4)
FN:134,(anonymous_5)
FNF:6
FNH:0
FNDA:0,(anonymous_0)
FNDA:0,(anonymous_1)
FNDA:0,(anonymous_2)
FNDA:0,(anonymous_3)
FNDA:0,(anonymous_4)
FNDA:0,(anonymous_5)
DA:1,1
DA:2,1
DA:3,1
DA:4,1
DA:5,1
DA:6,1
DA:7,1
DA:8,1
DA:10,1
DA:11,0
DA:12,0
DA:13,0
DA:14,0
DA:15,0
DA:17,0
DA:18,0
DA:27,0
DA:28,0
DA:29,0
DA:30,0
DA:31,0
DA:32,0
DA:40,0
DA:44,1
DA:45,0
DA:46,0
DA:47,0
DA:48,0
DA:49,0
DA:56,0
DA:57,0
DA:68,0
DA:72,1
DA:73,0
DA:74,0
DA:75,0
DA:76,0
DA:77,0
DA:78,0
DA:85,0
DA:86,0
DA:87,0
DA:88,0
DA:89,0
DA:97,0
DA:101,1
DA:102,0
DA:103,0
DA:104,0
DA:105,0
DA:112,0
DA:113,0
DA:115,1
DA:116,0
DA:117,0
DA:118,0
DA:126,0
DA:134,1
DA:135,0
DA:136,0
DA:137,0
DA:138,0
DA:139,0
DA:143,0
DA:147,1
LF:65
LH:15
BRDA:48,0,0,0
BRDA:48,0,1,0
BRDA:77,1,0,0
BRDA:77,1,1,0
BRDA:77,2,0,0
BRDA:77,2,1,0
BRDA:104,3,0,0
BRDA:104,3,1,0
BRDA:117,4,0,0
BRDA:117,4,1,0
BRF:10
BRH:0
end_of_record
TN:
SF:helpers\apiLimiter.js
FN:6,(anonymous_0)
FNF:1
FNH:0
FNDA:0,(anonymous_0)
DA:1,1
DA:3,1
DA:7,0
DA:16,1
LF:4
LH:3
BRF:0
BRH:0
end_of_record
TN:
SF:helpers\create-directory.js
FN:3,(anonymous_0)
FN:6,(anonymous_1)
FN:7,(anonymous_2)
FN:10,(anonymous_3)
FNF:4
FNH:0
FNDA:0,(anonymous_0)
FNDA:0,(anonymous_1)
FNDA:0,(anonymous_2)
FNDA:0,(anonymous_3)
DA:1,1
DA:3,1
DA:4,0
DA:6,0
DA:7,0
DA:10,1
DA:11,0
DA:12,0
DA:15,1
LF:9
LH:4
BRDA:11,0,0,0
BRDA:11,0,1,0
BRF:2
BRH:0
end_of_record
TN:
SF:helpers\guard.js
FN:5,(anonymous_0)
FN:6,(anonymous_1)
FNF:2
FNH:2
FNDA:16,(anonymous_0)
FNDA:16,(anonymous_1)
DA:1,1
DA:2,1
DA:3,1
DA:5,1
DA:6,16
DA:7,16
DA:8,16
DA:9,5
DA:16,11
DA:17,11
DA:21,1
LF:11
LH:11
BRDA:8,0,0,5
BRDA:8,0,1,11
BRDA:8,1,0,16
BRDA:8,1,1,11
BRDA:8,1,2,11
BRF:5
BRH:5
end_of_record
TN:
SF:helpers\upload.js
FN:7,(anonymous_0)
FN:10,(anonymous_1)
FN:18,(anonymous_2)
FNF:3
FNH:0
FNDA:0,(anonymous_0)
FNDA:0,(anonymous_1)
FNDA:0,(anonymous_2)
DA:1,1
DA:2,1
DA:3,1
DA:4,1
DA:6,1
DA:8,0
DA:11,0
DA:15,1
DA:19,0
DA:20,0
DA:21,0
DA:23,0
DA:27,1
LF:13
LH:7
BRDA:19,0,0,0
BRDA:19,0,1,0
BRF:2
BRH:0
end_of_record
TN:
SF:routes\api\contacts.js
FNF:0
FNH:0
DA:1,1
DA:2,1
DA:3,1
DA:4,1
DA:5,1
DA:6,1
DA:10,1
DA:15,1
LF:8
LH:8
BRF:0
BRH:0
end_of_record
TN:
SF:routes\api\user.js
FNF:0
FNH:0
DA:1,1
DA:2,1
DA:3,1
DA:4,1
DA:5,1
DA:6,1
DA:8,1
DA:19,1
LF:8
LH:8
BRF:0
BRH:0
end_of_record
TN:
SF:routes\api\validation\validationContact.js
FN:31,(anonymous_0)
FN:43,(anonymous_1)
FN:47,(anonymous_2)
FNF:3
FNH:3
FNDA:6,(anonymous_0)
FNDA:3,(anonymous_1)
FNDA:3,(anonymous_2)
DA:1,1
DA:3,1
DA:17,1
DA:31,1
DA:32,6
DA:33,6
DA:34,3
DA:35,3
DA:40,3
DA:43,1
DA:44,3
DA:47,1
DA:48,3
LF:13
LH:13
BRDA:33,0,0,3
BRDA:33,0,1,3
BRF:2
BRH:2
end_of_record
TN:
SF:routes\api\validation\validationUser.js
FN:13,(anonymous_0)
FN:25,(anonymous_1)
FN:28,(anonymous_2)
FN:31,(anonymous_3)
FNF:4
FNH:0
FNDA:0,(anonymous_0)
FNDA:0,(anonymous_1)
FNDA:0,(anonymous_2)
FNDA:0,(anonymous_3)
DA:1,1
DA:3,1
DA:8,1
DA:13,1
DA:14,0
DA:15,0
DA:16,0
DA:17,0
DA:22,0
DA:25,1
DA:26,0
DA:28,1
DA:29,0
DA:31,1
DA:32,0
DA:33,0
DA:40,0
LF:17
LH:7
BRDA:15,0,0,0
BRDA:15,0,1,0
BRDA:32,1,0,0
BRDA:32,1,1,0
BRF:4
BRH:0
end_of_record
